# JRE version: Java(TM) SE Runtime Environment (15.0+36) (build 15+36-1562)
# Java VM: Java HotSpot(TM) 64-Bit Server VM (15+36-1562, mixed mode, sharing, tiered, compressed oops, g1 gc, windows-amd64)
GC Precious Log:
 CPUs: 8 total, 8 available
 Memory: 14274M
 Large Page Support: Disabled
 NUMA Support: Disabled
 Compressed Oops: Enabled (Zero based)
 Heap Region Size: 2M
 Heap Min Capacity: 8M
 Heap Initial Capacity: 224M
 Heap Max Capacity: 3570M
 Pre-touch: Disabled
 Parallel Workers: 8
 Concurrent Workers: 2
 Concurrent Refinement Workers: 8
 Periodic GC: Disabled
Heap:
 garbage-first heap   total 280576K, used 83761K [0x0000000720e00000, 0x0000000800000000)
  region size 2048K, 42 young (86016K), 2 survivors (4096K)
 Metaspace       used 1175K, capacity 4618K, committed 4864K, reserved 1056768K
  class space    used 118K, capacity 430K, committed 512K, reserved 1048576K
GC Heap History (8 events):
Event: 0.319 GC heap before
{Heap before GC invocations=0 (full 0):
 garbage-first heap   total 229376K, used 22528K [0x0000000720e00000, 0x0000000800000000)
  region size 2048K, 11 young (22528K), 0 survivors (0K)
 Metaspace       used 1108K, capacity 4618K, committed 4864K, reserved 1056768K
  class space    used 118K, capacity 430K, committed 512K, reserved 1048576K
}
Event: 0.322 GC heap after
{Heap after GC invocations=1 (full 0):
 garbage-first heap   total 229376K, used 1281K [0x0000000720e00000, 0x0000000800000000)
  region size 2048K, 1 young (2048K), 1 survivors (2048K)
 Metaspace       used 1108K, capacity 4618K, committed 4864K, reserved 1056768K
  class space    used 118K, capacity 430K, committed 512K, reserved 1048576K
}
Event: 0.380 GC heap before
{Heap before GC invocations=1 (full 0):
 garbage-first heap   total 229376K, used 34049K [0x0000000720e00000, 0x0000000800000000)
  region size 2048K, 17 young (34816K), 1 survivors (2048K)
 Metaspace       used 1108K, capacity 4618K, committed 4864K, reserved 1056768K
  class space    used 118K, capacity 430K, committed 512K, reserved 1048576K
}
Event: 0.382 GC heap after
{Heap after GC invocations=2 (full 0):
 garbage-first heap   total 229376K, used 1542K [0x0000000720e00000, 0x0000000800000000)
  region size 2048K, 1 young (2048K), 1 survivors (2048K)
 Metaspace       used 1108K, capacity 4618K, committed 4864K, reserved 1056768K
  class space    used 118K, capacity 430K, committed 512K, reserved 1048576K
}
Event: 0.516 GC heap before
{Heap before GC invocations=2 (full 0):
 garbage-first heap   total 229376K, used 136710K [0x0000000720e00000, 0x0000000800000000)
  region size 2048K, 67 young (137216K), 1 survivors (2048K)
 Metaspace       used 1111K, capacity 4618K, committed 4864K, reserved 1056768K
  class space    used 118K, capacity 430K, committed 512K, reserved 1048576K
}
Event: 0.520 GC heap after
{Heap after GC invocations=3 (full 0):
 garbage-first heap   total 229376K, used 2232K [0x0000000720e00000, 0x0000000800000000)
  region size 2048K, 2 young (4096K), 2 survivors (4096K)
 Metaspace       used 1111K, capacity 4618K, committed 4864K, reserved 1056768K
  class space    used 118K, capacity 430K, committed 512K, reserved 1048576K
}
Event: 0.565 GC heap before
{Heap before GC invocations=3 (full 0):
 garbage-first heap   total 229376K, used 135352K [0x0000000720e00000, 0x0000000800000000)
  region size 2048K, 67 young (137216K), 2 survivors (4096K)
 Metaspace       used 1114K, capacity 4618K, committed 4864K, reserved 1056768K
  class space    used 118K, capacity 430K, committed 512K, reserved 1048576K
}
Event: 0.569 GC heap after
{Heap after GC invocations=4 (full 0):
 garbage-first heap   total 229376K, used 2950K [0x0000000720e00000, 0x0000000800000000)
  region size 2048K, 2 young (4096K), 2 survivors (4096K)
 Metaspace       used 1114K, capacity 4618K, committed 4864K, reserved 1056768K
  class space    used 118K, capacity 430K, committed 512K, reserved 1048576K
}

